
2025-03-17 09:48:37,742 - INFO - Iniciando el ETL.
2025-03-17 09:48:37,742 - INFO - Extrayendo datos del archivo Excel: Archivo_Entrada\Films_2 .xlsx
2025-03-17 09:48:39,383 - INFO - Datos del archivo Excel extraídos correctamente.
2025-03-17 09:48:39,383 - INFO - Iniciando la transformación de datos.
2025-03-17 09:48:39,383 - INFO - Transformando datos de la hoja: MER
2025-03-17 09:48:39,383 - INFO - Transformando datos de la hoja: film
2025-03-17 09:48:39,400 - INFO - Datos de la columna 'film_id' transformados correctamente.
2025-03-17 09:48:39,401 - INFO - Datos de la columna 'title' transformados correctamente.
2025-03-17 09:48:39,403 - INFO - Datos de la columna 'description' transformados correctamente.
2025-03-17 09:48:39,405 - INFO - Datos de la columna 'release_year' transformados correctamente.
2025-03-17 09:48:39,405 - INFO - Datos de la columna 'language_id' transformados correctamente.
2025-03-17 09:48:39,405 - INFO - Datos de la columna 'original_language_id' transformados correctamente.
2025-03-17 09:48:39,405 - INFO - Datos de la columna 'rental_duration' transformados correctamente.
2025-03-17 09:48:39,407 - INFO - Datos de la columna 'rental_rate' transformados correctamente.
2025-03-17 09:48:39,409 - INFO - Datos de la columna 'length' transformados correctamente.
2025-03-17 09:48:39,411 - INFO - Datos de la columna 'replacement_cost' transformados correctamente.
2025-03-17 09:48:39,412 - INFO - Datos de la columna 'num_voted_users' transformados correctamente.
2025-03-17 09:48:39,413 - INFO - Datos de la columna 'rating' transformados correctamente.
2025-03-17 09:48:39,414 - INFO - Datos de la columna 'special_features' transformados correctamente.
2025-03-17 09:48:39,415 - INFO - Datos de la columna 'last_update' transformados correctamente.
2025-03-17 09:48:39,415 - INFO - Transformando datos de la hoja: inventory
2025-03-17 09:48:39,417 - INFO - Datos de la columna 'inventory_id' transformados correctamente.
2025-03-17 09:48:39,422 - INFO - Datos de la columna 'film_id' transformados correctamente.
2025-03-17 09:48:39,428 - INFO - Datos de la columna 'store_id' transformados correctamente.
2025-03-17 09:48:39,429 - INFO - Datos de la columna 'last_update' transformados correctamente.
2025-03-17 09:48:39,429 - INFO - Transformando datos de la hoja: rental
2025-03-17 09:48:39,429 - INFO - Datos de la columna 'rental_id' transformados correctamente.
2025-03-17 09:48:39,441 - INFO - Datos de la columna 'rental_date' transformados correctamente.
2025-03-17 09:48:39,444 - INFO - Datos de la columna 'inventory_id' transformados correctamente.
2025-03-17 09:48:39,444 - INFO - Datos de la columna 'customer_id' transformados correctamente.
2025-03-17 09:48:39,444 - INFO - Datos de la columna 'return_date' transformados correctamente.
2025-03-17 09:48:39,444 - INFO - Datos de la columna 'staff_id' transformados correctamente.
2025-03-17 09:48:39,444 - INFO - Datos de la columna 'last_update' transformados correctamente.
2025-03-17 09:48:39,444 - INFO - Transformando datos de la hoja: customer
2025-03-17 09:48:39,444 - INFO - Datos de la columna 'customer_id' transformados correctamente.
2025-03-17 09:48:39,444 - INFO - Datos de la columna 'store_id' transformados correctamente.
2025-03-17 09:48:39,444 - INFO - Datos de la columna 'first_name' transformados correctamente.
2025-03-17 09:48:39,444 - INFO - Datos de la columna 'last_name' transformados correctamente.
2025-03-17 09:48:39,444 - INFO - Datos de la columna 'email' transformados correctamente.
2025-03-17 09:48:39,444 - INFO - Datos de la columna 'address_id' transformados correctamente.
2025-03-17 09:48:39,460 - INFO - Datos de la columna 'active' transformados correctamente.
2025-03-17 09:48:39,460 - INFO - Datos de la columna 'create_date' transformados correctamente.
2025-03-17 09:48:39,460 - INFO - Datos de la columna 'last_update' transformados correctamente.
2025-03-17 09:48:39,460 - INFO - Datos de la columna 'customer_id_old' transformados correctamente.
2025-03-17 09:48:39,460 - INFO - Datos de la columna 'segment' transformados correctamente.
2025-03-17 09:48:39,460 - INFO - Transformando datos de la hoja: store
2025-03-17 09:48:39,460 - INFO - Datos de la columna 'store_id' transformados correctamente.
2025-03-17 09:48:39,460 - INFO - Datos de la columna 'manager_staff_id' transformados correctamente.
2025-03-17 09:48:39,460 - INFO - Datos de la columna 'address_id' transformados correctamente.
2025-03-17 09:48:39,460 - INFO - Datos de la columna 'last_update' transformados correctamente.
2025-03-17 09:48:39,460 - INFO - Transformación de datos completada.
2025-03-17 09:48:39,593 - INFO - Conexión a la BD exitosa
2025-03-17 09:48:39,594 - INFO - Cargando datos en la tabla: store
2025-03-17 09:48:39,600 - INFO - Datos de la tabla 'store' cargados con éxito.
2025-03-17 09:48:39,600 - INFO - Cargando datos en la tabla: customer
2025-03-17 09:48:40,198 - INFO - Datos de la tabla 'customer' cargados con éxito.
2025-03-17 09:48:40,198 - INFO - Cargando datos en la tabla: film
2025-03-17 09:48:40,701 - INFO - Datos de la tabla 'film' cargados con éxito.
2025-03-17 09:48:40,701 - INFO - Cargando datos en la tabla: inventory
2025-03-17 09:48:42,770 - INFO - Datos de la tabla 'inventory' cargados con éxito.
2025-03-17 09:48:42,770 - INFO - Cargando datos en la tabla: rental
2025-03-17 09:48:50,431 - INFO - Datos de la tabla 'rental' cargados con éxito.
2025-03-17 09:48:50,433 - INFO - ETL completado con éxito.
2025-03-17 09:51:14,420 - INFO - Iniciando el ETL.
2025-03-17 09:51:14,420 - INFO - Extrayendo datos del archivo Excel: Archivo_Entrada\Films_2 .xlsx
2025-03-17 09:51:14,420 - ERROR - Error: El archivo 'Archivo_Entrada\Films_2 .xlsx' no fue encontrado.
2025-03-17 09:51:14,420 - ERROR - Error en la extracción de datos. El ETL no se ejecutó.
2025-03-17 09:52:46,312 - INFO - Iniciando el ETL.
2025-03-17 09:52:46,312 - INFO - Extrayendo datos del archivo Excel: Archivo_Entrada\Films_2 .xlsx
2025-03-17 09:52:46,312 - ERROR - Error: El archivo 'Archivo_Entrada\Films_2 .xlsx' no fue encontrado.
2025-03-17 09:52:52,909 - INFO - Iniciando el ETL.
2025-03-17 09:52:52,909 - INFO - Extrayendo datos del archivo Excel: Archivo_Entrada\Films_2 .xlsx
2025-03-17 09:52:52,911 - ERROR - Error: El archivo 'Archivo_Entrada\Films_2 .xlsx' no fue encontrado.
2025-03-17 09:53:11,553 - INFO - Iniciando el ETL.
2025-03-17 09:53:11,553 - INFO - Extrayendo datos del archivo Excel: Archivo_Entrada\Films_2 .xlsx
2025-03-17 09:53:11,553 - ERROR - Error: El archivo 'Archivo_Entrada\Films_2 .xlsx' no fue encontrado.
2025-03-17 09:53:11,553 - ERROR - Error en la extracción de datos. El ETL no se ejecutó.
2025-03-17 09:54:38,031 - INFO - Iniciando el ETL.
2025-03-17 09:54:38,031 - INFO - Extrayendo datos del archivo Excel: Archivo_Entrada\Films_2 .xlsx
2025-03-17 09:54:38,031 - ERROR - Error: El archivo 'Archivo_Entrada\Films_2 .xlsx' no fue encontrado.
2025-03-17 09:54:38,031 - ERROR - Error en la extracción de datos. El ETL no se ejecutó.
2025-03-17 09:55:56,336 - INFO - Iniciando el ETL.
2025-03-17 09:55:56,336 - INFO - Extrayendo datos del archivo Excel: Archivo_Entrada\Films_2 .xlsx
2025-03-17 09:55:58,073 - INFO - Datos del archivo Excel extraídos correctamente.
2025-03-17 09:55:58,073 - INFO - Iniciando la transformación de datos.
2025-03-17 09:55:58,073 - INFO - Transformando datos de la hoja: MER
2025-03-17 09:55:58,073 - INFO - Transformando datos de la hoja: film
2025-03-17 09:55:58,081 - INFO - Datos de la columna 'film_id' transformados correctamente.
2025-03-17 09:55:58,083 - INFO - Datos de la columna 'title' transformados correctamente.
2025-03-17 09:55:58,084 - INFO - Datos de la columna 'description' transformados correctamente.
2025-03-17 09:55:58,088 - INFO - Datos de la columna 'release_year' transformados correctamente.
2025-03-17 09:55:58,089 - INFO - Datos de la columna 'language_id' transformados correctamente.
2025-03-17 09:55:58,091 - INFO - Datos de la columna 'original_language_id' transformados correctamente.
2025-03-17 09:55:58,092 - INFO - Datos de la columna 'rental_duration' transformados correctamente.
2025-03-17 09:55:58,095 - INFO - Datos de la columna 'rental_rate' transformados correctamente.
2025-03-17 09:55:58,098 - INFO - Datos de la columna 'length' transformados correctamente.
2025-03-17 09:55:58,101 - INFO - Datos de la columna 'replacement_cost' transformados correctamente.
2025-03-17 09:55:58,102 - INFO - Datos de la columna 'num_voted_users' transformados correctamente.
2025-03-17 09:55:58,103 - INFO - Datos de la columna 'rating' transformados correctamente.
2025-03-17 09:55:58,105 - INFO - Datos de la columna 'special_features' transformados correctamente.
2025-03-17 09:55:58,106 - INFO - Datos de la columna 'last_update' transformados correctamente.
2025-03-17 09:55:58,106 - INFO - Transformando datos de la hoja: inventory
2025-03-17 09:55:58,109 - INFO - Datos de la columna 'inventory_id' transformados correctamente.
2025-03-17 09:55:58,118 - INFO - Datos de la columna 'film_id' transformados correctamente.
2025-03-17 09:55:58,127 - INFO - Datos de la columna 'store_id' transformados correctamente.
2025-03-17 09:55:58,131 - INFO - Datos de la columna 'last_update' transformados correctamente.
2025-03-17 09:55:58,131 - INFO - Transformando datos de la hoja: rental
2025-03-17 09:55:58,149 - INFO - Datos de la columna 'rental_id' transformados correctamente.
2025-03-17 09:55:58,159 - INFO - Datos de la columna 'rental_date' transformados correctamente.
2025-03-17 09:55:58,160 - INFO - Datos de la columna 'inventory_id' transformados correctamente.
2025-03-17 09:55:58,161 - INFO - Datos de la columna 'customer_id' transformados correctamente.
2025-03-17 09:55:58,165 - INFO - Datos de la columna 'return_date' transformados correctamente.
2025-03-17 09:55:58,166 - INFO - Datos de la columna 'staff_id' transformados correctamente.
2025-03-17 09:55:58,171 - INFO - Datos de la columna 'last_update' transformados correctamente.
2025-03-17 09:55:58,172 - INFO - Transformando datos de la hoja: customer
2025-03-17 09:55:58,176 - INFO - Datos de la columna 'customer_id' transformados correctamente.
2025-03-17 09:55:58,179 - INFO - Datos de la columna 'store_id' transformados correctamente.
2025-03-17 09:55:58,182 - INFO - Datos de la columna 'first_name' transformados correctamente.
2025-03-17 09:55:58,186 - INFO - Datos de la columna 'last_name' transformados correctamente.
2025-03-17 09:55:58,188 - INFO - Datos de la columna 'email' transformados correctamente.
2025-03-17 09:55:58,189 - INFO - Datos de la columna 'address_id' transformados correctamente.
2025-03-17 09:55:58,190 - INFO - Datos de la columna 'active' transformados correctamente.
2025-03-17 09:55:58,192 - INFO - Datos de la columna 'create_date' transformados correctamente.
2025-03-17 09:55:58,194 - INFO - Datos de la columna 'last_update' transformados correctamente.
2025-03-17 09:55:58,195 - INFO - Datos de la columna 'customer_id_old' transformados correctamente.
2025-03-17 09:55:58,196 - INFO - Datos de la columna 'segment' transformados correctamente.
2025-03-17 09:55:58,196 - INFO - Transformando datos de la hoja: store
2025-03-17 09:55:58,199 - INFO - Datos de la columna 'store_id' transformados correctamente.
2025-03-17 09:55:58,200 - INFO - Datos de la columna 'manager_staff_id' transformados correctamente.
2025-03-17 09:55:58,200 - INFO - Datos de la columna 'address_id' transformados correctamente.
2025-03-17 09:55:58,202 - INFO - Datos de la columna 'last_update' transformados correctamente.
2025-03-17 09:55:58,202 - INFO - Transformación de datos completada.
2025-03-17 09:55:58,312 - INFO - Conexión a la BD exitosa
2025-03-17 09:55:58,313 - INFO - Cargando datos en la tabla: store
2025-03-17 09:55:58,318 - INFO - Datos de la tabla 'store' cargados con éxito.
2025-03-17 09:55:58,319 - INFO - Cargando datos en la tabla: customer
2025-03-17 09:55:59,042 - INFO - Datos de la tabla 'customer' cargados con éxito.
2025-03-17 09:55:59,042 - INFO - Cargando datos en la tabla: film
2025-03-17 09:55:59,479 - INFO - Datos de la tabla 'film' cargados con éxito.
2025-03-17 09:55:59,479 - INFO - Cargando datos en la tabla: inventory
2025-03-17 09:56:01,433 - INFO - Datos de la tabla 'inventory' cargados con éxito.
2025-03-17 09:56:01,433 - INFO - Cargando datos en la tabla: rental
2025-03-17 09:56:08,902 - INFO - Datos de la tabla 'rental' cargados con éxito.
2025-03-17 09:56:08,904 - INFO - ETL completado con éxito.
